<?xml version="1.0" encoding="UTF-8"?>
<testng-results ignored="0" total="1" passed="1" failed="0" skipped="0">
  <reporter-output>
  </reporter-output>
  <suite started-at="2023-10-20T10:29:35 IST" name="Default suite" finished-at="2023-10-20T10:30:03 IST" duration-ms="28712">
    <groups>
    </groups>
    <test started-at="2023-10-20T10:29:35 IST" name="Default test" finished-at="2023-10-20T10:30:03 IST" duration-ms="28712">
      <class name="test_code.TestCase2">
        <test-method is-config="true" signature="launch()[pri:0, instance:test_code.TestCase2@515c6049]" started-at="2023-10-20T10:29:35 IST" name="launch" finished-at="2023-10-20T10:29:46 IST" duration-ms="11424" status="PASS">
          <reporter-output>
          </reporter-output>
        </test-method> <!-- launch -->
        <test-method signature="sc2()[pri:0, instance:test_code.TestCase2@515c6049]" started-at="2023-10-20T10:29:46 IST" name="sc2" finished-at="2023-10-20T10:30:03 IST" duration-ms="17004" status="PASS">
          <reporter-output>
          </reporter-output>
        </test-method> <!-- sc2 -->
      </class> <!-- test_code.TestCase2 -->
    </test> <!-- Default test -->
  </suite> <!-- Default suite -->
</testng-results>
