<?xml version="1.0" encoding="UTF-8"?>
<!-- Generated by org.testng.reporters.JUnitXMLReporter -->
<testsuite ignored="0" hostname="DESKTOP-FBC9JGO" failures="0" tests="6" name="Test" time="304.211" errors="0" timestamp="2023-10-18T21:25:15 IST">
  <testcase classname="test_code.TestCase6" name="sc6" time="49.339"/>
  <testcase classname="test_code.TestCase4" name="sc4" time="42.498"/>
  <testcase classname="test_code.TestCase5" name="sc5" time="48.929"/>
  <testcase classname="test_code.Testcase1" name="login" time="0.005"/>
  <testcase classname="test_code.TestCase2" name="sc2" time="20.087"/>
  <testcase classname="test_code.TestCase3" name="sc3" time="46.397"/>
</testsuite> <!-- Test -->
