<?xml version="1.0" encoding="UTF-8"?>
<testng-results ignored="0" total="1" passed="1" failed="0" skipped="0">
  <reporter-output>
    <line>
      <![CDATA[Hello]]>
    </line>
  </reporter-output>
  <suite started-at="2023-10-19T19:43:12 IST" name="Default suite" finished-at="2023-10-19T19:43:13 IST" duration-ms="275">
    <groups>
    </groups>
    <test started-at="2023-10-19T19:43:12 IST" name="Default test" finished-at="2023-10-19T19:43:13 IST" duration-ms="275">
      <class name="MavenProject.newone.Demo_TestNG">
        <test-method signature="one()[pri:0, instance:MavenProject.newone.Demo_TestNG@1189dd52]" started-at="2023-10-19T19:43:13 IST" name="one" finished-at="2023-10-19T19:43:13 IST" duration-ms="47" status="PASS">
          <reporter-output>
            <line>
              <![CDATA[Hello]]>
            </line>
          </reporter-output>
        </test-method> <!-- one -->
      </class> <!-- MavenProject.newone.Demo_TestNG -->
    </test> <!-- Default test -->
  </suite> <!-- Default suite -->
</testng-results>
