<?xml version="1.0" encoding="UTF-8"?>
<!-- Generated by org.testng.reporters.JUnitXMLReporter -->
<testsuite ignored="6" hostname="DESKTOP-FBC9JGO" failures="0" tests="4" name="RegressionTest" time="0.173" errors="0" timestamp="2023-09-30T13:12:51 IST">
  <testcase classname="grouping.One" name="sc10" time="0.02"/>
  <testcase classname="grouping.One" name="sc4" time="0.006"/>
  <testcase classname="grouping.One" name="sc6" time="0.004"/>
  <testcase classname="grouping.One" name="sc9" time="0.003"/>
  <testcase classname="grouping.One" name="sc5" time="0.0">
    <ignored/>
  </testcase> <!-- sc5 -->
  <testcase classname="grouping.One" name="sc8" time="0.0">
    <ignored/>
  </testcase> <!-- sc8 -->
  <testcase classname="grouping.One" name="sc3" time="0.0">
    <ignored/>
  </testcase> <!-- sc3 -->
  <testcase classname="grouping.One" name="sc7" time="0.0">
    <ignored/>
  </testcase> <!-- sc7 -->
  <testcase classname="grouping.One" name="sc1" time="0.0">
    <ignored/>
  </testcase> <!-- sc1 -->
  <testcase classname="grouping.One" name="sc2" time="0.0">
    <ignored/>
  </testcase> <!-- sc2 -->
</testsuite> <!-- RegressionTest -->
